# JRE version: OpenJDK Runtime Environment (8.0_152-b01) (build 1.8.0_152-release-1343-b01)
# Java VM: OpenJDK 64-Bit Server VM (25.152-b01 mixed mode windows-amd64 compressed oops)
Heap:
 PSYoungGen      total 343040K, used 201206K [0x00000000e0000000, 0x00000000ffd80000, 0x0000000100000000)
  eden space 175104K, 100% used [0x00000000e0000000,0x00000000eab00000,0x00000000eab00000)
  from space 167936K, 15% used [0x00000000eab00000,0x00000000ec47d958,0x00000000f4f00000)
  to   space 165376K, 39% used [0x00000000f5c00000,0x00000000f9b6d230,0x00000000ffd80000)
 ParOldGen       total 814080K, used 305238K [0x00000000a0000000, 0x00000000d1b00000, 0x00000000e0000000)
  object space 814080K, 37% used [0x00000000a0000000,0x00000000b2a15af0,0x00000000d1b00000)
 Metaspace       used 98625K, capacity 102377K, committed 102552K, reserved 1138688K
  class space    used 12318K, capacity 13121K, committed 13224K, reserved 1048576K
GC Heap History (10 events):
Event: 2207.142 GC heap after
Heap after GC invocations=23 (full 4):
 PSYoungGen      total 302592K, used 124359K [0x00000000e0000000, 0x0000000100000000, 0x0000000100000000)
  eden space 178176K, 0% used [0x00000000e0000000,0x00000000e0000000,0x00000000eae00000)
  from space 124416K, 99% used [0x00000000eae00000,0x00000000f2771f78,0x00000000f2780000)
  to   space 174592K, 0% used [0x00000000f5580000,0x00000000f5580000,0x0000000100000000)
 ParOldGen       total 814080K, used 180134K [0x00000000a0000000, 0x00000000d1b00000, 0x00000000e0000000)
  object space 814080K, 22% used [0x00000000a0000000,0x00000000aafe9af0,0x00000000d1b00000)
 Metaspace       used 96808K, capacity 100517K, committed 100888K, reserved 1136640K
  class space    used 12188K, capacity 12959K, committed 13096K, reserved 1048576K
}
Event: 2207.601 GC heap before
{Heap before GC invocations=24 (full 4):
 PSYoungGen      total 302592K, used 302535K [0x00000000e0000000, 0x0000000100000000, 0x0000000100000000)
  eden space 178176K, 100% used [0x00000000e0000000,0x00000000eae00000,0x00000000eae00000)
  from space 124416K, 99% used [0x00000000eae00000,0x00000000f2771f78,0x00000000f2780000)
  to   space 174592K, 0% used [0x00000000f5580000,0x00000000f5580000,0x0000000100000000)
 ParOldGen       total 814080K, used 180134K [0x00000000a0000000, 0x00000000d1b00000, 0x00000000e0000000)
  object space 814080K, 22% used [0x00000000a0000000,0x00000000aafe9af0,0x00000000d1b00000)
 Metaspace       used 97037K, capacity 100765K, committed 101144K, reserved 1136640K
  class space    used 12195K, capacity 12991K, committed 13096K, reserved 1048576K
Event: 2207.684 GC heap after
Heap after GC invocations=24 (full 4):
 PSYoungGen      total 352256K, used 79013K [0x00000000e0000000, 0x0000000100000000, 0x0000000100000000)
  eden space 177664K, 0% used [0x00000000e0000000,0x00000000e0000000,0x00000000ead80000)
  from space 174592K, 45% used [0x00000000f5580000,0x00000000fa2a9678,0x0000000100000000)
  to   space 172032K, 0% used [0x00000000ead80000,0x00000000ead80000,0x00000000f5580000)
 ParOldGen       total 814080K, used 234641K [0x00000000a0000000, 0x00000000d1b00000, 0x00000000e0000000)
  object space 814080K, 28% used [0x00000000a0000000,0x00000000ae524468,0x00000000d1b00000)
 Metaspace       used 97037K, capacity 100765K, committed 101144K, reserved 1136640K
  class space    used 12195K, capacity 12991K, committed 13096K, reserved 1048576K
}
Event: 2208.552 GC heap before
{Heap before GC invocations=25 (full 4):
 PSYoungGen      total 352256K, used 256677K [0x00000000e0000000, 0x0000000100000000, 0x0000000100000000)
  eden space 177664K, 100% used [0x00000000e0000000,0x00000000ead80000,0x00000000ead80000)
  from space 174592K, 45% used [0x00000000f5580000,0x00000000fa2a9678,0x0000000100000000)
  to   space 172032K, 0% used [0x00000000ead80000,0x00000000ead80000,0x00000000f5580000)
 ParOldGen       total 814080K, used 234641K [0x00000000a0000000, 0x00000000d1b00000, 0x00000000e0000000)
  object space 814080K, 28% used [0x00000000a0000000,0x00000000ae524468,0x00000000d1b00000)
 Metaspace       used 97256K, capacity 100983K, committed 101400K, reserved 1138688K
  class space    used 12196K, capacity 12992K, committed 13096K, reserved 1048576K
Event: 2208.606 GC heap after
Heap after GC invocations=25 (full 4):
 PSYoungGen      total 240128K, used 62131K [0x00000000e0000000, 0x00000000ff080000, 0x0000000100000000)
  eden space 177664K, 0% used [0x00000000e0000000,0x00000000e0000000,0x00000000ead80000)
  from space 62464K, 99% used [0x00000000ead80000,0x00000000eea2ceb0,0x00000000eea80000)
  to   space 165376K, 0% used [0x00000000f4f00000,0x00000000f4f00000,0x00000000ff080000)
 ParOldGen       total 814080K, used 254594K [0x00000000a0000000, 0x00000000d1b00000, 0x00000000e0000000)
  object space 814080K, 31% used [0x00000000a0000000,0x00000000af8a0aa8,0x00000000d1b00000)
 Metaspace       used 97256K, capacity 100983K, committed 101400K, reserved 1138688K
  class space    used 12196K, capacity 12992K, committed 13096K, reserved 1048576K
}
Event: 2461.536 GC heap before
{Heap before GC invocations=26 (full 4):
 PSYoungGen      total 240128K, used 239795K [0x00000000e0000000, 0x00000000ff080000, 0x0000000100000000)
  eden space 177664K, 100% used [0x00000000e0000000,0x00000000ead80000,0x00000000ead80000)
  from space 62464K, 99% used [0x00000000ead80000,0x00000000eea2ceb0,0x00000000eea80000)
  to   space 165376K, 0% used [0x00000000f4f00000,0x00000000f4f00000,0x00000000ff080000)
 ParOldGen       total 814080K, used 254594K [0x00000000a0000000, 0x00000000d1b00000, 0x00000000e0000000)
  object space 814080K, 31% used [0x00000000a0000000,0x00000000af8a0aa8,0x00000000d1b00000)
 Metaspace       used 97450K, capacity 101161K, committed 101400K, reserved 1138688K
  class space    used 12200K, capacity 12997K, committed 13096K, reserved 1048576K
Event: 2461.571 GC heap after
Heap after GC invocations=26 (full 4):
 PSYoungGen      total 340480K, used 10420K [0x00000000e0000000, 0x0000000100000000, 0x0000000100000000)
  eden space 175104K, 0% used [0x00000000e0000000,0x00000000e0000000,0x00000000eab00000)
  from space 165376K, 6% used [0x00000000f4f00000,0x00000000f592d390,0x00000000ff080000)
  to   space 167936K, 0% used [0x00000000eab00000,0x00000000eab00000,0x00000000f4f00000)
 ParOldGen       total 814080K, used 299481K [0x00000000a0000000, 0x00000000d1b00000, 0x00000000e0000000)
  object space 814080K, 36% used [0x00000000a0000000,0x00000000b2476508,0x00000000d1b00000)
 Metaspace       used 97450K, capacity 101161K, committed 101400K, reserved 1138688K
  class space    used 12200K, capacity 12997K, committed 13096K, reserved 1048576K
}
Event: 2466.027 GC heap before
{Heap before GC invocations=27 (full 4):
 PSYoungGen      total 340480K, used 185524K [0x00000000e0000000, 0x0000000100000000, 0x0000000100000000)
  eden space 175104K, 100% used [0x00000000e0000000,0x00000000eab00000,0x00000000eab00000)
  from space 165376K, 6% used [0x00000000f4f00000,0x00000000f592d390,0x00000000ff080000)
  to   space 167936K, 0% used [0x00000000eab00000,0x00000000eab00000,0x00000000f4f00000)
 ParOldGen       total 814080K, used 299481K [0x00000000a0000000, 0x00000000d1b00000, 0x00000000e0000000)
  object space 814080K, 36% used [0x00000000a0000000,0x00000000b2476508,0x00000000d1b00000)
 Metaspace       used 97938K, capacity 101631K, committed 101912K, reserved 1138688K
  class space    used 12238K, capacity 13019K, committed 13096K, reserved 1048576K
Event: 2466.045 GC heap after
Heap after GC invocations=27 (full 4):
 PSYoungGen      total 343040K, used 26102K [0x00000000e0000000, 0x00000000ffd80000, 0x0000000100000000)
  eden space 175104K, 0% used [0x00000000e0000000,0x00000000e0000000,0x00000000eab00000)
  from space 167936K, 15% used [0x00000000eab00000,0x00000000ec47d958,0x00000000f4f00000)
  to   space 165376K, 0% used [0x00000000f5c00000,0x00000000f5c00000,0x00000000ffd80000)
 ParOldGen       total 814080K, used 303389K [0x00000000a0000000, 0x00000000d1b00000, 0x00000000e0000000)
  object space 814080K, 37% used [0x00000000a0000000,0x00000000b2847660,0x00000000d1b00000)
 Metaspace       used 97938K, capacity 101631K, committed 101912K, reserved 1138688K
  class space    used 12238K, capacity 13019K, committed 13096K, reserved 1048576K
}
Event: 2466.522 GC heap before
{Heap before GC invocations=28 (full 4):
 PSYoungGen      total 343040K, used 201206K [0x00000000e0000000, 0x00000000ffd80000, 0x0000000100000000)
  eden space 175104K, 100% used [0x00000000e0000000,0x00000000eab00000,0x00000000eab00000)
  from space 167936K, 15% used [0x00000000eab00000,0x00000000ec47d958,0x00000000f4f00000)
  to   space 165376K, 0% used [0x00000000f5c00000,0x00000000f5c00000,0x00000000ffd80000)
 ParOldGen       total 814080K, used 303389K [0x00000000a0000000, 0x00000000d1b00000, 0x00000000e0000000)
  object space 814080K, 37% used [0x00000000a0000000,0x00000000b2847660,0x00000000d1b00000)
 Metaspace       used 98625K, capacity 102377K, committed 102552K, reserved 1138688K
  class space    used 12318K, capacity 13121K, committed 13224K, reserved 1048576K

